<?xml version="1.0" encoding="UTF-8"?>
<!-- Generated by org.testng.reporters.JUnitReportReporter -->
<testsuite hostname="DESKTOP-H41JRIE" failures="0" tests="2" name="com.nixonex.tests.CheckOutTest" time="41.203" errors="0" timestamp="2025-06-09T11:13:20 IST" skipped="0">
  <testcase classname="com.nixonex.tests.CheckOutTest" name="testCheckoutProcess" time="18.919"/>
  <system-out/>
  <testcase classname="com.nixonex.tests.CheckOutTest" name="testCheckoutProcess" time="22.284"/>
  <system-out/>
</testsuite> <!-- com.nixonex.tests.CheckOutTest -->
