<?xml version="1.0" encoding="UTF-8"?>
<!-- Generated by org.testng.reporters.JUnitReportReporter -->
<testsuite hostname="DESKTOP-H41JRIE" failures="0" tests="2" name="com.nixonex.tests.EndToEndTest" time="60.549" errors="0" timestamp="2025-06-06T10:48:51 IST" skipped="0">
  <testcase classname="com.nixonex.tests.EndToEndTest" name="nixonnexEndToEndTest" time="28.397"/>
  <system-out/>
  <testcase classname="com.nixonex.tests.EndToEndTest" name="nixonnexEndToEndTest" time="32.152"/>
  <system-out/>
</testsuite> <!-- com.nixonex.tests.EndToEndTest -->
