<?xml version="1.0" encoding="UTF-8"?>
<!-- Generated by org.testng.reporters.JUnitReportReporter -->
<testsuite hostname="DESKTOP-H41JRIE" failures="0" tests="2" name="com.nixonex.tests.LoginTest" time="22.640" errors="0" timestamp="2025-06-09T11:13:20 IST" skipped="0">
  <testcase classname="com.nixonex.tests.LoginTest" name="testValidLogin" time="13.213"/>
  <system-out/>
  <testcase classname="com.nixonex.tests.LoginTest" name="testValidLogin" time="9.427"/>
  <system-out/>
</testsuite> <!-- com.nixonex.tests.LoginTest -->
