<?xml version="1.0" encoding="UTF-8"?>
<!-- Generated by org.testng.reporters.JUnitReportReporter -->
<testsuite hostname="DESKTOP-H41JRIE" failures="0" tests="2" name="com.nixonex.tests.EndToEndTest" time="60.939" errors="0" timestamp="2025-06-09T11:13:20 IST" skipped="0">
  <testcase classname="com.nixonex.tests.EndToEndTest" name="nixonnexEndToEndTest" time="28.250"/>
  <system-out/>
  <testcase classname="com.nixonex.tests.EndToEndTest" name="nixonnexEndToEndTest" time="32.689"/>
  <system-out/>
</testsuite> <!-- com.nixonex.tests.EndToEndTest -->
