<?xml version="1.0" encoding="UTF-8"?>
<!-- Generated by org.testng.reporters.JUnitReportReporter -->
<testsuite hostname="DESKTOP-H41JRIE" failures="0" tests="2" name="com.nixonex.tests.AddToCartTest" time="38.962" errors="0" timestamp="2025-06-06T10:48:51 IST" skipped="0">
  <testcase classname="com.nixonex.tests.AddToCartTest" name="testAddProductToCart" time="18.535"/>
  <system-out/>
  <testcase classname="com.nixonex.tests.AddToCartTest" name="testAddProductToCart" time="20.427"/>
  <system-out/>
</testsuite> <!-- com.nixonex.tests.AddToCartTest -->
