<?xml version="1.0" encoding="UTF-8"?>
<!-- Generated by org.testng.reporters.JUnitReportReporter -->
<testsuite hostname="DESKTOP-H41JRIE" failures="0" tests="1" name="com.nixonex.tests.EndToEndTest" time="26.853" errors="0" timestamp="2025-06-05T11:23:43 IST" skipped="0">
  <testcase classname="com.nixonex.tests.EndToEndTest" name="nixonnexEndToEndTest" time="26.853"/>
  <system-out/>
</testsuite> <!-- com.nixonex.tests.EndToEndTest -->
