<?xml version="1.0" encoding="UTF-8"?>
<!-- Generated by org.testng.reporters.JUnitReportReporter -->
<testsuite hostname="DESKTOP-H41JRIE" failures="0" tests="2" name="com.nixonex.tests.RegisterTest" time="34.047" errors="0" timestamp="2025-06-06T10:48:51 IST" skipped="0">
  <testcase classname="com.nixonex.tests.RegisterTest" name="testUserRegistration" time="21.956"/>
  <system-out/>
  <testcase classname="com.nixonex.tests.RegisterTest" name="testUserRegistration" time="12.091"/>
  <system-out/>
</testsuite> <!-- com.nixonex.tests.RegisterTest -->
