<?xml version="1.0" encoding="UTF-8"?>
<!-- Generated by org.testng.reporters.JUnitReportReporter -->
<testsuite hostname="DESKTOP-H41JRIE" failures="0" tests="2" name="com.nixonex.tests.CheckOutTest" time="39.818" errors="0" timestamp="2025-06-06T10:48:51 IST" skipped="0">
  <testcase classname="com.nixonex.tests.CheckOutTest" name="testCheckoutProcess" time="17.858"/>
  <system-out/>
  <testcase classname="com.nixonex.tests.CheckOutTest" name="testCheckoutProcess" time="21.960"/>
  <system-out/>
</testsuite> <!-- com.nixonex.tests.CheckOutTest -->
