<?xml version="1.0" encoding="UTF-8"?>
<!-- Generated by org.testng.reporters.JUnitReportReporter -->
<testsuite hostname="DESKTOP-H41JRIE" failures="0" tests="2" name="com.nixonex.tests.RegisterTest" time="18.382" errors="0" timestamp="2025-06-09T11:13:20 IST" skipped="0">
  <testcase classname="com.nixonex.tests.RegisterTest" name="testUserRegistration" time="7.524"/>
  <system-out/>
  <testcase classname="com.nixonex.tests.RegisterTest" name="testUserRegistration" time="10.858"/>
  <system-out/>
</testsuite> <!-- com.nixonex.tests.RegisterTest -->
