<?xml version="1.0" encoding="UTF-8"?>
<!-- Generated by org.testng.reporters.JUnitReportReporter -->
<testsuite hostname="DESKTOP-H41JRIE" failures="0" tests="2" name="com.nixonex.tests.AddToCartTest" time="34.355" errors="0" timestamp="2025-06-09T11:13:20 IST" skipped="0">
  <testcase classname="com.nixonex.tests.AddToCartTest" name="testAddProductToCart" time="16.468"/>
  <system-out/>
  <testcase classname="com.nixonex.tests.AddToCartTest" name="testAddProductToCart" time="17.887"/>
  <system-out/>
</testsuite> <!-- com.nixonex.tests.AddToCartTest -->
